<?xml version="1.0" encoding="UTF-8"?>
<!-- Generated by org.testng.reporters.JUnitReportReporter -->
<testsuite hostname="DESKTOP-PR4UNPF" failures="0" tests="1" name="driverFactory.AppTest" time="22.193" errors="0" timestamp="2024-05-21T10:49:31 IST" skipped="0">
  <testcase classname="driverFactory.AppTest" name="kickStart" time="22.193">
    <system-out>
      <![CDATA[Supplier-00000003290        Supplier-00000003290]]>
    </system-out>
  </testcase> <!-- kickStart -->
  <system-out>
    <![CDATA[Supplier-00000003290        Supplier-00000003290]]>
  </system-out>
</testsuite> <!-- driverFactory.AppTest -->
