<?xml version="1.0" encoding="UTF-8"?>
<!-- Generated by org.testng.reporters.JUnitReportReporter -->
<testsuite hostname="DESKTOP-PR4UNPF" failures="0" tests="1" name="driverFactory.AppTest" time="71.783" errors="0" timestamp="2024-05-25T13:48:26 IST" skipped="0">
  <testcase classname="driverFactory.AppTest" name="kickStart" time="71.783">
    <system-out>
      <![CDATA[Stock-000001586    Stock-000001586
Supplier-00000003399        Supplier-00000003399
Customer-00000005985    Customer-00000005985]]>
    </system-out>
  </testcase> <!-- kickStart -->
  <system-out>
    <![CDATA[Stock-000001586    Stock-000001586
Supplier-00000003399        Supplier-00000003399
Customer-00000005985    Customer-00000005985]]>
  </system-out>
</testsuite> <!-- driverFactory.AppTest -->
